---- 2025-09-09 14:25:25 ----
To: Khaziev.da@gmail.com
Subject: Сброс пароля
Здравствуйте!

Вы запросили сброс пароля на сайте localhost.
Перейдите по ссылке, чтобы задать новый пароль (ссылка активна 1 час):
http://localhost:8002/reset?token=c2d2a28798584e92e7df5c6989e4e2d5

Если вы не запрашивали сброс — просто игнорируйте это письмо.


---- 2025-09-09 14:33:44 ----
To: Khaziev.da@gmail.com
Subject: Сброс пароля
Здравствуйте!

Вы запросили сброс пароля на сайте localhost.
Перейдите по ссылке, чтобы задать новый пароль (ссылка активна 1 час):
http://localhost:8002/reset?token=396dc4ab5d8ba4d8724acf0004597cf8

Если вы не запрашивали сброс — просто игнорируйте это письмо.


---- 2025-09-09 14:35:27 ----
To: Khaziev.da@gmail.com
Subject: Сброс пароля
Здравствуйте!

Вы запросили сброс пароля на сайте localhost.
Перейдите по ссылке, чтобы задать новый пароль (ссылка активна 1 час):
http://localhost:8002/reset?token=e0daea832ab7d1f70d76f264ef3c9628

Если вы не запрашивали сброс — просто игнорируйте это письмо.


---- 2025-09-09 14:42:01 ----
To: Khaziev.da@gmail.com
Subject: Сброс пароля
Здравствуйте!

Вы запросили сброс пароля на сайте localhost.
Перейдите по ссылке, чтобы задать новый пароль (ссылка активна 1 час):
http://localhost:8002/reset?token=32b65d287be5ac473c2540406bb66de7

Если вы не запрашивали сброс — просто игнорируйте это письмо.


